<?xml version="1.0" encoding="UTF-8"?>
<!-- Generated by org.testng.reporters.JUnitXMLReporter -->
<testsuite ignored="2" hostname="DESKTOP-FUGQNF4" failures="5" tests="8" name="Test" time="0.231" errors="0" timestamp="2023-02-08T21:59:18 GMT-05:00">
  <testcase classname="test.BaseTest11" name="@AfterClass logoutafterevryclass" time="0.0">
    <failure type="java.lang.NullPointerException" message="Cannot invoke &amp;quot;mainjava.DashboardMethod.logout()&amp;quot; because &amp;quot;this.dashboardobj&amp;quot; is null">
      <![CDATA[java.lang.NullPointerException: Cannot invoke "mainjava.DashboardMethod.logout()" because "this.dashboardobj" is null
at test.BaseTest11.logoutafterevryclass(BaseTest11.java:38)
at java.base/java.util.ArrayList.forEach(ArrayList.java:1511)
... Removed 25 stack frames]]>
    </failure>
  </testcase> <!-- @AfterClass logoutafterevryclass -->
  <testcase classname="test.BaseTest11" name="@BeforeClass verifyuser" time="0.001">
    <failure type="java.lang.NullPointerException" message="Cannot invoke &amp;quot;mainjava.TitleMethod11.setuser(String)&amp;quot; because &amp;quot;this.titleobj&amp;quot; is null">
      <![CDATA[java.lang.NullPointerException: Cannot invoke "mainjava.TitleMethod11.setuser(String)" because "this.titleobj" is null
at test.BaseTest11.verifyuser(BaseTest11.java:31)
at java.base/java.util.ArrayList.forEach(ArrayList.java:1511)
... Removed 25 stack frames]]>
    </failure>
  </testcase> <!-- @BeforeClass verifyuser -->
  <testcase classname="test.BaseTest11" name="@AfterClass logoutafterevryclass" time="-1.675911558926E9">
    <skipped/>
  </testcase> <!-- @AfterClass logoutafterevryclass -->
  <testcase classname="test.logintest11" name="VerifyDashboard" time="0.022">
    <failure type="java.lang.NullPointerException" message="Cannot invoke &amp;quot;mainjava.TitleMethod11.getBuildTitle()&amp;quot; because &amp;quot;this.titleobj&amp;quot; is null">
      <![CDATA[java.lang.NullPointerException: Cannot invoke "mainjava.TitleMethod11.getBuildTitle()" because "this.titleobj" is null
at test.logintest11.VerifyDashboard(logintest11.java:39)
at java.base/java.util.ArrayList.forEach(ArrayList.java:1511)
... Removed 27 stack frames]]>
    </failure>
  </testcase> <!-- VerifyDashboard -->
  <testcase classname="test.logintest11" name="verifytitle" time="0.009">
    <failure type="java.lang.NullPointerException" message="Cannot invoke &amp;quot;mainjava.TitleMethod11.pageTitle()&amp;quot; because &amp;quot;this.titleobj&amp;quot; is null">
      <![CDATA[java.lang.NullPointerException: Cannot invoke "mainjava.TitleMethod11.pageTitle()" because "this.titleobj" is null
at test.logintest11.verifytitle(logintest11.java:14)
at java.base/java.util.ArrayList.forEach(ArrayList.java:1511)
... Removed 27 stack frames]]>
    </failure>
  </testcase> <!-- verifytitle -->
  <testcase classname="test.logintest11" name="verifyurl" time="0.003">
    <failure type="java.lang.NullPointerException" message="Cannot invoke &amp;quot;mainjava.TitleMethod11.urlofpage()&amp;quot; because &amp;quot;this.titleobj&amp;quot; is null">
      <![CDATA[java.lang.NullPointerException: Cannot invoke "mainjava.TitleMethod11.urlofpage()" because "this.titleobj" is null
at test.logintest11.verifyurl(logintest11.java:20)
at java.base/java.util.ArrayList.forEach(ArrayList.java:1511)
... Removed 27 stack frames]]>
    </failure>
  </testcase> <!-- verifyurl -->
  <testcase classname="test.logintest11" name="verifyuser" time="0.003">
    <failure type="java.lang.NullPointerException" message="Cannot invoke &amp;quot;mainjava.TitleMethod11.setuser(String)&amp;quot; because &amp;quot;this.titleobj&amp;quot; is null">
      <![CDATA[java.lang.NullPointerException: Cannot invoke "mainjava.TitleMethod11.setuser(String)" because "this.titleobj" is null
at test.logintest11.verifyuser(logintest11.java:27)
at java.base/java.util.ArrayList.forEach(ArrayList.java:1511)
... Removed 27 stack frames]]>
    </failure>
  </testcase> <!-- verifyuser -->
  <testcase classname="test.logintest11" name="verifydashboard" time="0.003">
    <failure type="java.lang.NullPointerException" message="Cannot invoke &amp;quot;mainjava.DashboardMethod.Dashboardcheck()&amp;quot; because &amp;quot;this.dashboardobj&amp;quot; is null">
      <![CDATA[java.lang.NullPointerException: Cannot invoke "mainjava.DashboardMethod.Dashboardcheck()" because "this.dashboardobj" is null
at test.logintest11.verifydashboard(logintest11.java:34)
at java.base/java.util.ArrayList.forEach(ArrayList.java:1511)
... Removed 27 stack frames]]>
    </failure>
  </testcase> <!-- verifydashboard -->
  <testcase classname="test.PIMTest11" name="verifypim" time="0.0">
    <skipped/>
  </testcase> <!-- verifypim -->
  <testcase classname="test.PIMTest11" name="verifyemailsearch" time="0.0">
    <skipped/>
  </testcase> <!-- verifyemailsearch -->
  <testcase classname="test.PIMTest11" name="verifysearchbutton" time="0.0">
    <skipped/>
  </testcase> <!-- verifysearchbutton -->
  <testcase classname="test.BaseTest11" name="@BeforeSuite initialbrowser" time="0.0">
    <ignored/>
  </testcase> <!-- @BeforeSuite initialbrowser -->
  <testcase classname="test.BaseTest11" name="@AfterSuite logout" time="0.0">
    <ignored/>
  </testcase> <!-- @AfterSuite logout -->
</testsuite> <!-- Test -->
